<?xml version="1.0" encoding="UTF-8"?>
<!-- Generated by org.testng.reporters.JUnitReportReporter -->
<testsuite hostname="LAPTOP-HQ2VB7SH" failures="0" tests="2" name="mytestcases.MyThirdClass" time="0.581" errors="0" timestamp="2024-09-02T19:57:39 AST" skipped="0">
  <testcase classname="mytestcases.MyThirdClass" name="loginTest" time="0.374"/>
  <system-out/>
  <testcase classname="mytestcases.MyThirdClass" name="addtontCartAllItems" time="0.207"/>
  <system-out/>
</testsuite> <!-- mytestcases.MyThirdClass -->
